<?xml version="1.0" encoding="UTF-8"?>
<!-- Generated by org.testng.reporters.JUnitReportReporter -->
<testsuite skipped="0" hostname="LAPTOP-91J108P6" name="com.herokuapp.testsuite.LoginPageTest" tests="3" failures="0" timestamp="2022-12-13T20:46:28 GMT" time="29.781" errors="0">
  <testcase name="UserShouldLoginSuccessfullyWithValidCredentials" time="8.028" classname="com.herokuapp.testsuite.LoginPageTest"/>
  <system-out>
    <![CDATA[Sending text to Username : tomsmith
Sending text to Password Field : SuperSecretPassword!
clicking on login button : [[ChromeDriver: chrome on WINDOWS (db7ba40490577dd03628ed0caa4c3e5c)] -> xpath: //i[contains(text(),'Login')]]
Getting Message : [[ChromeDriver: chrome on WINDOWS (db7ba40490577dd03628ed0caa4c3e5c)] -> xpath: //h2[normalize-space()='Secure Area']]]]>
  </system-out>
  <testcase name="verifyTheUsernameErrorMessage" time="14.466" classname="com.herokuapp.testsuite.LoginPageTest"/>
  <system-out>
    <![CDATA[Sending text to Username : tomsmith1
Sending text to Password Field : SuperSecretPassword!
clicking on login button : [[ChromeDriver: chrome on WINDOWS (adb6f2f07318ea3319ed3590ced04a41)] -> xpath: //i[contains(text(),'Login')]]
Getting Error Message : [[ChromeDriver: chrome on WINDOWS (adb6f2f07318ea3319ed3590ced04a41)] -> xpath: //div[@id='flash']]]]>
  </system-out>
  <testcase name="verifyThePasswordErrorMessage" time="7.287" classname="com.herokuapp.testsuite.LoginPageTest"/>
  <system-out>
    <![CDATA[Sending text to Username : tomsmith
Sending text to Password Field : SuperSectomsmithretPassword
clicking on login button : [[ChromeDriver: chrome on WINDOWS (7956cced5f81852ab804663c2ae176af)] -> xpath: //i[contains(text(),'Login')]]
Getting Error Message : [[ChromeDriver: chrome on WINDOWS (7956cced5f81852ab804663c2ae176af)] -> xpath: //div[@class = 'flash error']]]]>
  </system-out>
</testsuite> <!-- com.herokuapp.testsuite.LoginPageTest -->
